0 info it worked if it ends with ok
1 verbose cli [ 'node', '/usr/bin/npm', 'version', '1.0.42' ]
2 info using npm@3.10.2
3 info using node@v0.10.42
4 info git [ 'status', '--porcelain' ]
5 verbose stack Error: Git working directory not clean.
5 verbose stack M README.md
5 verbose stack M package.json
5 verbose stack     at /usr/lib/node_modules/npm/lib/version.js:247:19
5 verbose stack     at /usr/lib/node_modules/npm/lib/utils/no-progress-while-running.js:21:8
5 verbose stack     at ChildProcess.exithandler (child_process.js:656:7)
5 verbose stack     at ChildProcess.emit (events.js:98:17)
5 verbose stack     at maybeClose (child_process.js:766:16)
5 verbose stack     at Socket.<anonymous> (child_process.js:979:11)
5 verbose stack     at Socket.emit (events.js:95:17)
5 verbose stack     at Pipe.close (net.js:466:12)
6 verbose cwd /home/admin/Desktop/nodejs/node_modules/notavirus
7 error Linux 3.10.0-327.el7.x86_64
8 error argv "node" "/usr/bin/npm" "version" "1.0.42"
9 error node v0.10.42
10 error npm  v3.10.2
11 error Git working directory not clean.
11 error M README.md
11 error M package.json
12 error If you need help, you may report this error at:
12 error     <https://github.com/npm/npm/issues>
13 verbose exit [ 1, true ]
